2020-09-29 21:58:40,464  INFO [main] Hook:19 - **********************************
2020-09-29 21:58:40,516  INFO [main] Hook:20 - Test setup method is starting....!
2020-09-29 21:58:42,404 DEBUG [main] RequestAddCookies:123 - CookieSpec selected: standard
2020-09-29 21:58:42,421 DEBUG [main] RequestAuthCache:77 - Auth cache not set in the context
2020-09-29 21:58:42,423 DEBUG [main] PoolingHttpClientConnectionManager:265 - Connection request: [route: {s}->https://raw.githubusercontent.com:443][total kept alive: 0; route allocated: 0 of 2; total allocated: 0 of 20]
2020-09-29 21:58:42,454 DEBUG [main] PoolingHttpClientConnectionManager:309 - Connection leased: [id: 0][route: {s}->https://raw.githubusercontent.com:443][total kept alive: 0; route allocated: 1 of 2; total allocated: 1 of 20]
2020-09-29 21:58:42,457 DEBUG [main] MainClientExec:235 - Opening connection {s}->https://raw.githubusercontent.com:443
2020-09-29 21:58:42,603 DEBUG [main] DefaultHttpClientConnectionOperator:139 - Connecting to raw.githubusercontent.com/151.101.112.133:443
2020-09-29 21:58:42,603 DEBUG [main] SSLConnectionSocketFactory:337 - Connecting socket to raw.githubusercontent.com/151.101.112.133:443 with timeout 0
2020-09-29 21:58:43,283 DEBUG [main] SSLConnectionSocketFactory:390 - Enabled protocols: [TLSv1.3, TLSv1.2, TLSv1.1, TLSv1]
2020-09-29 21:58:43,284 DEBUG [main] SSLConnectionSocketFactory:391 - Enabled cipher suites:[TLS_AES_256_GCM_SHA384, TLS_AES_128_GCM_SHA256, TLS_CHACHA20_POLY1305_SHA256, TLS_ECDHE_ECDSA_WITH_AES_256_GCM_SHA384, TLS_ECDHE_ECDSA_WITH_AES_128_GCM_SHA256, TLS_ECDHE_ECDSA_WITH_CHACHA20_POLY1305_SHA256, TLS_ECDHE_RSA_WITH_AES_256_GCM_SHA384, TLS_ECDHE_RSA_WITH_CHACHA20_POLY1305_SHA256, TLS_ECDHE_RSA_WITH_AES_128_GCM_SHA256, TLS_DHE_RSA_WITH_AES_256_GCM_SHA384, TLS_DHE_RSA_WITH_CHACHA20_POLY1305_SHA256, TLS_DHE_DSS_WITH_AES_256_GCM_SHA384, TLS_DHE_RSA_WITH_AES_128_GCM_SHA256, TLS_DHE_DSS_WITH_AES_128_GCM_SHA256, TLS_ECDHE_ECDSA_WITH_AES_256_CBC_SHA384, TLS_ECDHE_RSA_WITH_AES_256_CBC_SHA384, TLS_ECDHE_ECDSA_WITH_AES_128_CBC_SHA256, TLS_ECDHE_RSA_WITH_AES_128_CBC_SHA256, TLS_DHE_RSA_WITH_AES_256_CBC_SHA256, TLS_DHE_DSS_WITH_AES_256_CBC_SHA256, TLS_DHE_RSA_WITH_AES_128_CBC_SHA256, TLS_DHE_DSS_WITH_AES_128_CBC_SHA256, TLS_ECDH_ECDSA_WITH_AES_256_GCM_SHA384, TLS_ECDH_RSA_WITH_AES_256_GCM_SHA384, TLS_ECDH_ECDSA_WITH_AES_128_GCM_SHA256, TLS_ECDH_RSA_WITH_AES_128_GCM_SHA256, TLS_ECDH_ECDSA_WITH_AES_256_CBC_SHA384, TLS_ECDH_RSA_WITH_AES_256_CBC_SHA384, TLS_ECDH_ECDSA_WITH_AES_128_CBC_SHA256, TLS_ECDH_RSA_WITH_AES_128_CBC_SHA256, TLS_ECDHE_ECDSA_WITH_AES_256_CBC_SHA, TLS_ECDHE_RSA_WITH_AES_256_CBC_SHA, TLS_ECDHE_ECDSA_WITH_AES_128_CBC_SHA, TLS_ECDHE_RSA_WITH_AES_128_CBC_SHA, TLS_DHE_RSA_WITH_AES_256_CBC_SHA, TLS_DHE_DSS_WITH_AES_256_CBC_SHA, TLS_DHE_RSA_WITH_AES_128_CBC_SHA, TLS_DHE_DSS_WITH_AES_128_CBC_SHA, TLS_ECDH_ECDSA_WITH_AES_256_CBC_SHA, TLS_ECDH_RSA_WITH_AES_256_CBC_SHA, TLS_ECDH_ECDSA_WITH_AES_128_CBC_SHA, TLS_ECDH_RSA_WITH_AES_128_CBC_SHA, TLS_RSA_WITH_AES_256_GCM_SHA384, TLS_RSA_WITH_AES_128_GCM_SHA256, TLS_RSA_WITH_AES_256_CBC_SHA256, TLS_RSA_WITH_AES_128_CBC_SHA256, TLS_RSA_WITH_AES_256_CBC_SHA, TLS_RSA_WITH_AES_128_CBC_SHA, TLS_EMPTY_RENEGOTIATION_INFO_SCSV]
2020-09-29 21:58:43,285 DEBUG [main] SSLConnectionSocketFactory:395 - Starting handshake
2020-09-29 21:58:44,172 DEBUG [main] SSLConnectionSocketFactory:425 - Secure session established
2020-09-29 21:58:44,173 DEBUG [main] SSLConnectionSocketFactory:426 -  negotiated protocol: TLSv1.2
2020-09-29 21:58:44,174 DEBUG [main] SSLConnectionSocketFactory:427 -  negotiated cipher suite: TLS_ECDHE_RSA_WITH_AES_128_GCM_SHA256
2020-09-29 21:58:44,180 DEBUG [main] SSLConnectionSocketFactory:435 -  peer principal: CN=www.github.com, O="GitHub, Inc.", L=San Francisco, ST=California, C=US
2020-09-29 21:58:44,182 DEBUG [main] SSLConnectionSocketFactory:444 -  peer alternative names: [www.github.com, *.github.com, github.com, *.github.io, github.io, *.githubusercontent.com, githubusercontent.com]
2020-09-29 21:58:44,183 DEBUG [main] SSLConnectionSocketFactory:448 -  issuer principal: CN=DigiCert SHA2 High Assurance Server CA, OU=www.digicert.com, O=DigiCert Inc, C=US
2020-09-29 21:58:44,185 DEBUG [main] DefaultHttpClientConnectionOperator:146 - Connection established 192.168.1.12:56117<->151.101.112.133:443
2020-09-29 21:58:44,186 DEBUG [main] DefaultManagedHttpClientConnection:88 - http-outgoing-0: set socket timeout to 30000
2020-09-29 21:58:44,186 DEBUG [main] MainClientExec:256 - Executing request GET /bonigarcia/webdrivermanager/master/src/main/resources/versions.properties HTTP/1.1
2020-09-29 21:58:44,187 DEBUG [main] MainClientExec:261 - Target auth state: UNCHALLENGED
2020-09-29 21:58:44,188 DEBUG [main] MainClientExec:267 - Proxy auth state: UNCHALLENGED
2020-09-29 21:58:44,191 DEBUG [main] headers:133 - http-outgoing-0 >> GET /bonigarcia/webdrivermanager/master/src/main/resources/versions.properties HTTP/1.1
2020-09-29 21:58:44,192 DEBUG [main] headers:136 - http-outgoing-0 >> User-Agent: Apache-HttpClient/4.5.6
2020-09-29 21:58:44,194 DEBUG [main] headers:136 - http-outgoing-0 >> Connection: keep-alive
2020-09-29 21:58:44,196 DEBUG [main] headers:136 - http-outgoing-0 >> Host: raw.githubusercontent.com
2020-09-29 21:58:44,197 DEBUG [main] headers:136 - http-outgoing-0 >> Accept-Encoding: gzip,deflate
2020-09-29 21:58:44,198 DEBUG [main] wire:73 - http-outgoing-0 >> "GET /bonigarcia/webdrivermanager/master/src/main/resources/versions.properties HTTP/1.1[\r][\n]"
2020-09-29 21:58:44,200 DEBUG [main] wire:73 - http-outgoing-0 >> "User-Agent: Apache-HttpClient/4.5.6[\r][\n]"
2020-09-29 21:58:44,200 DEBUG [main] wire:73 - http-outgoing-0 >> "Connection: keep-alive[\r][\n]"
2020-09-29 21:58:44,201 DEBUG [main] wire:73 - http-outgoing-0 >> "Host: raw.githubusercontent.com[\r][\n]"
2020-09-29 21:58:44,202 DEBUG [main] wire:73 - http-outgoing-0 >> "Accept-Encoding: gzip,deflate[\r][\n]"
2020-09-29 21:58:44,202 DEBUG [main] wire:73 - http-outgoing-0 >> "[\r][\n]"
2020-09-29 21:58:44,319 DEBUG [main] wire:73 - http-outgoing-0 << "HTTP/1.1 200 OK[\r][\n]"
2020-09-29 21:58:44,319 DEBUG [main] wire:73 - http-outgoing-0 << "Connection: keep-alive[\r][\n]"
2020-09-29 21:58:44,320 DEBUG [main] wire:73 - http-outgoing-0 << "Content-Length: 894[\r][\n]"
2020-09-29 21:58:44,320 DEBUG [main] wire:73 - http-outgoing-0 << "Content-Type: text/plain; charset=utf-8[\r][\n]"
2020-09-29 21:58:44,321 DEBUG [main] wire:73 - http-outgoing-0 << "Cache-Control: max-age=300[\r][\n]"
2020-09-29 21:58:44,321 DEBUG [main] wire:73 - http-outgoing-0 << "Content-Security-Policy: default-src 'none'; style-src 'unsafe-inline'; sandbox[\r][\n]"
2020-09-29 21:58:44,322 DEBUG [main] wire:73 - http-outgoing-0 << "ETag: W/"84cc4ab09fdc8eea028b17f5282f5caaa78439710bd2f67ccbe3b9b341ab1cb0"[\r][\n]"
2020-09-29 21:58:44,322 DEBUG [main] wire:73 - http-outgoing-0 << "Strict-Transport-Security: max-age=31536000[\r][\n]"
2020-09-29 21:58:44,323 DEBUG [main] wire:73 - http-outgoing-0 << "X-Content-Type-Options: nosniff[\r][\n]"
2020-09-29 21:58:44,323 DEBUG [main] wire:73 - http-outgoing-0 << "X-Frame-Options: deny[\r][\n]"
2020-09-29 21:58:44,323 DEBUG [main] wire:73 - http-outgoing-0 << "X-XSS-Protection: 1; mode=block[\r][\n]"
2020-09-29 21:58:44,324 DEBUG [main] wire:73 - http-outgoing-0 << "Via: 1.1 varnish (Varnish/6.0)[\r][\n]"
2020-09-29 21:58:44,325 DEBUG [main] wire:73 - http-outgoing-0 << "Content-Encoding: gzip[\r][\n]"
2020-09-29 21:58:44,325 DEBUG [main] wire:73 - http-outgoing-0 << "X-GitHub-Request-Id: 936A:D9A1:106C685:11D2BF0:5F73D6E6[\r][\n]"
2020-09-29 21:58:44,329 DEBUG [main] wire:73 - http-outgoing-0 << "Accept-Ranges: bytes[\r][\n]"
2020-09-29 21:58:44,329 DEBUG [main] wire:73 - http-outgoing-0 << "Date: Wed, 30 Sep 2020 01:58:44 GMT[\r][\n]"
2020-09-29 21:58:44,330 DEBUG [main] wire:73 - http-outgoing-0 << "Via: 1.1 varnish[\r][\n]"
2020-09-29 21:58:44,330 DEBUG [main] wire:73 - http-outgoing-0 << "X-Served-By: cache-hhn4083-HHN[\r][\n]"
2020-09-29 21:58:44,331 DEBUG [main] wire:73 - http-outgoing-0 << "X-Cache: HIT, HIT[\r][\n]"
2020-09-29 21:58:44,331 DEBUG [main] wire:73 - http-outgoing-0 << "X-Cache-Hits: 1, 1[\r][\n]"
2020-09-29 21:58:44,332 DEBUG [main] wire:73 - http-outgoing-0 << "X-Timer: S1601431125.553021,VS0,VE0[\r][\n]"
2020-09-29 21:58:44,333 DEBUG [main] wire:73 - http-outgoing-0 << "Vary: Authorization,Accept-Encoding, Accept-Encoding[\r][\n]"
2020-09-29 21:58:44,334 DEBUG [main] wire:73 - http-outgoing-0 << "Access-Control-Allow-Origin: *[\r][\n]"
2020-09-29 21:58:44,334 DEBUG [main] wire:73 - http-outgoing-0 << "X-Fastly-Request-ID: de1c2109a2b4a96401aa20a1d6a25f128c6f2435[\r][\n]"
2020-09-29 21:58:44,335 DEBUG [main] wire:73 - http-outgoing-0 << "Expires: Wed, 30 Sep 2020 02:03:44 GMT[\r][\n]"
2020-09-29 21:58:44,335 DEBUG [main] wire:73 - http-outgoing-0 << "Source-Age: 227[\r][\n]"
2020-09-29 21:58:44,336 DEBUG [main] wire:73 - http-outgoing-0 << "[\r][\n]"
2020-09-29 21:58:44,341 DEBUG [main] headers:122 - http-outgoing-0 << HTTP/1.1 200 OK
2020-09-29 21:58:44,342 DEBUG [main] headers:125 - http-outgoing-0 << Connection: keep-alive
2020-09-29 21:58:44,345 DEBUG [main] headers:125 - http-outgoing-0 << Content-Length: 894
2020-09-29 21:58:44,347 DEBUG [main] headers:125 - http-outgoing-0 << Content-Type: text/plain; charset=utf-8
2020-09-29 21:58:44,348 DEBUG [main] headers:125 - http-outgoing-0 << Cache-Control: max-age=300
2020-09-29 21:58:44,348 DEBUG [main] headers:125 - http-outgoing-0 << Content-Security-Policy: default-src 'none'; style-src 'unsafe-inline'; sandbox
2020-09-29 21:58:44,349 DEBUG [main] headers:125 - http-outgoing-0 << ETag: W/"84cc4ab09fdc8eea028b17f5282f5caaa78439710bd2f67ccbe3b9b341ab1cb0"
2020-09-29 21:58:44,349 DEBUG [main] headers:125 - http-outgoing-0 << Strict-Transport-Security: max-age=31536000
2020-09-29 21:58:44,349 DEBUG [main] headers:125 - http-outgoing-0 << X-Content-Type-Options: nosniff
2020-09-29 21:58:44,350 DEBUG [main] headers:125 - http-outgoing-0 << X-Frame-Options: deny
2020-09-29 21:58:44,350 DEBUG [main] headers:125 - http-outgoing-0 << X-XSS-Protection: 1; mode=block
2020-09-29 21:58:44,350 DEBUG [main] headers:125 - http-outgoing-0 << Via: 1.1 varnish (Varnish/6.0)
2020-09-29 21:58:44,351 DEBUG [main] headers:125 - http-outgoing-0 << Content-Encoding: gzip
2020-09-29 21:58:44,351 DEBUG [main] headers:125 - http-outgoing-0 << X-GitHub-Request-Id: 936A:D9A1:106C685:11D2BF0:5F73D6E6
2020-09-29 21:58:44,351 DEBUG [main] headers:125 - http-outgoing-0 << Accept-Ranges: bytes
2020-09-29 21:58:44,352 DEBUG [main] headers:125 - http-outgoing-0 << Date: Wed, 30 Sep 2020 01:58:44 GMT
2020-09-29 21:58:44,352 DEBUG [main] headers:125 - http-outgoing-0 << Via: 1.1 varnish
2020-09-29 21:58:44,352 DEBUG [main] headers:125 - http-outgoing-0 << X-Served-By: cache-hhn4083-HHN
2020-09-29 21:58:44,353 DEBUG [main] headers:125 - http-outgoing-0 << X-Cache: HIT, HIT
2020-09-29 21:58:44,354 DEBUG [main] headers:125 - http-outgoing-0 << X-Cache-Hits: 1, 1
2020-09-29 21:58:44,354 DEBUG [main] headers:125 - http-outgoing-0 << X-Timer: S1601431125.553021,VS0,VE0
2020-09-29 21:58:44,355 DEBUG [main] headers:125 - http-outgoing-0 << Vary: Authorization,Accept-Encoding, Accept-Encoding
2020-09-29 21:58:44,355 DEBUG [main] headers:125 - http-outgoing-0 << Access-Control-Allow-Origin: *
2020-09-29 21:58:44,356 DEBUG [main] headers:125 - http-outgoing-0 << X-Fastly-Request-ID: de1c2109a2b4a96401aa20a1d6a25f128c6f2435
2020-09-29 21:58:44,357 DEBUG [main] headers:125 - http-outgoing-0 << Expires: Wed, 30 Sep 2020 02:03:44 GMT
2020-09-29 21:58:44,358 DEBUG [main] headers:125 - http-outgoing-0 << Source-Age: 227
2020-09-29 21:58:44,366 DEBUG [main] MainClientExec:285 - Connection can be kept alive indefinitely
2020-09-29 21:58:44,401 DEBUG [main] wire:73 - http-outgoing-0 << "[0x1f][0x8b][0x8][0x0][0x0][0x0][0x0][0x0][0x0][0x3][0x8d][0x96][0xc9]n[0xe3]8[0x10][0x86][0xef]~[\n]"
2020-09-29 21:58:44,412 DEBUG [main] wire:73 - http-outgoing-0 << "[0x2]}[0xe][0xc5]M$[0x15][0x80][0x97]^fN[0x8d]9[0xcc][0xbc][0x80]b3[0xb6][0x10][0xd9]4$[0xa5][0xdd][0xe8][0xa7][0x9f]*nf[0x8c][0x1e]`[0xe][0x1]R[0x1f][0x8b][0xe4]O[0xd5][0xe6]O[0xe4][0x9f][0xd3][0xb4][0x92][0xd7]i[0xf6]d[0x1f].[0xdb]8]V[0xb2][0x9d]<y[0xbb][0x84][0xdb][0x85][0x1c][0x96][0xe9][0x87]_[0x8][0xfc][0xad]S[0x80][0x95]}8_[0xc7]mz[0x1][0xef][0xdb][0xb4][0x9d][0xa2][0xe7]>,[0x8b]_[0xaf][0xe1]r[0x98].G[0xf2][0xb2][0x84][0xdb]z[0xdf][0xb2][0xdb]}"[0x9f][0x13]z&[0x86]p[0x84][0x9d]_NK8{2^[0xe][0xe9][0xdf][0xe9][0xfd]L[0x9e][0xc8][0xd7]x[0xd5]3[0xd9][0xc7][0xd5]t1l[0xfe];[0xbc]/{[0xff]LN[0xdb]v}[0xee][0xba]v[0x95]F[0x3]v[0xd3][0xb0][0x1c][0xbb][0x3][0xe8][0x9d][0xc3]xXw[0xc9][0xc7]jg5eT[0x9][0xc5][0xa8][0x10][0x85][0xf6][0xce][0xf6]H[0xb9][0x95][0xd4][0x9a]B[0x95][0xb3]*Re[0xa8]d[0x85]J[0x7]NH[0x99][0xa4]r([0x94];[0xcb][0x91]2[0xa5]([0x97][0xb6]`[0xe6],[0x3],[0x7]k(g:c383D[0xac]z*+[0xb5][0xce][0xd8]H[0x19][0x9c][0xc1][0xfa][0xe2]l[0x9c]1[0x88][0xad][0xee][0xe1][0xfc]B[0xb5]3[0xf8][0x10]i[0xd9]@[0xb9][0xa8]g[0xf4][0xce][0xe0]K[0xa4]1[0x8c][0xf2][0xbb][0xb7]r[0x6][0x9f]"[0x8d][0x18]h[0xf5][0x95][0xce][0xe0]K[0xa4][0x86][0x7][0xe9]"[0xd9][0x8]'[0xa8][0xaa]>[0xfc][0x83][0xc5][0xd0]*[0xc2][0xf4][0x80][0x96][0xca][0x82][0xb4]E[0xab]|Qm[0xd0][0xe2]eM[0xa3]U[0xa4][0xeb][0x1e][0xac][0xfa][0x89][0xb4]B[0xab]|s-[0xd1]*[0xb7]k[0xd4]"[0xeb]}[0xa8]E[0xd6][0xfb]P[0x8b][0x94][0x1f]R[0xe9]{[0xf8]5[0xcd][0xf3]H[0xfe][0x98][0x16][0xff][0x1a]~6[0xf9]s[0xf4][0xfb][0xb7][0xf0][0xdb][0xf4]Y![0x8e][0x90][0xb5][0xef]/[0x14][0xf2][0xb8];[0xa7]#[0xba]fC[0xb7][0xf8][0xd9][0x8f][0xab]_w[0xaf][0xe9]\[0x8][0x1f]$[0xf][0xc4][0xa4][0x2][0x8b][0x0][0xc2]Q[0x81]y[0x4][0xfa][0x11][0xf4][0x8f]@=[0x2][0xf9][0x8][0xc4]#[0xe0][0x8f][0x80]=[0x0][0x8][0xd1]Ga[0x10]%[0x0][0x90]!E)[0x4][\n]"
2020-09-29 21:58:44,417 DEBUG [main] wire:73 - http-outgoing-0 << "[0x0][0xe4]F[0x5]Qi[0xb][0xa2][0xd2][0x16]D[0xa5][0x90]9uKT[0xda][0x82][0xa8]T4[0x1e]Q)[0x14]H[0xdd][0x12][0x95]6[0xa0][0x8f]J[[0x10][0x95][0xb6] *mAT[\n]"
2020-09-29 21:58:44,419 DEBUG [main] wire:73 - http-outgoing-0 << "[0xe5]U[0xe][0xed][0xa3]R[0x4]m[0xf9][0xeb][0xea][0x97][0xb1]I[0x85][0x80][0xf6][0xff]I[0x85][0xe8][0xb8][0x86][0xd7][0xed]6.[0xbe][0x8b]V[0xe9]-i[0xfb]=1[0xe2][0xa2][0x81][0x1e]P[0xbb][0x8]gb[0x97]([0xb4][0x80][0xda]E[0xec][0x90] [0xc4][0xe5][0xde]D[0x6][0x93][0xa1]m{[0x8][0x97][0x99][0x9a][0xf]-[0x84]e[\n]"
2020-09-29 21:58:44,421 DEBUG [main] wire:73 - http-outgoing-0 << "[0xe5]_;[0x88])[0xa7]B[0xf1][0xd7][0x6][0x2]m,[0xde][0xf][0xf5]uo[0x1f]\[0x94][0xfd]P[0xfb][0xf7][0xf6]![0xb3]V[0xa8][0xb7][0xa6]{[0xb0][0xe2][0x9b][0xab]>[0x1e][0x7]q[0x8a]- [0x19][0xb9][0xe6][0x93][0x91]K>[0x19][0xb9][0xe2][0x93][0x91][0xb]>[0x19][0xb9][0xde][0x93][0x91][0xcb]=[0x19][0xb9][0xda][0x93][0x11][0x8b]=[0x83]>[0xd7]z\Q[0xa8][0xa0](V[0xa8][0x0]zsZA[0x5]"[0xc][0x85][\n]"
2020-09-29 21:58:44,431 DEBUG [main] wire:87 - http-outgoing-0 << "[0xc0]hS[0xe1][0xfb][0xb4]_[0x2]F[0x94]|;[0x1c]}[0x93][0x13][0xe7][0xd5][0x3][0xf8][0xcf][0xa4]8[0xf8][0x1f]~[0xc6]+[0xe8][0xb9][0x9c][0x10][0x9b][0x85][0xbf]<[0xbd][0xaf]]eOxH[0xb7][0x85]0[0xaf][0xdd][0xcd][0xbf][0xe4]$[0xd9]![0xb5][0x10]El[0xe2]ZA[0xd4][0x12][0xc9][0x93]HC[0x9d][0xf0]![0xa1]<[0x86]z[0xad]h[0xcf][0x13][0xca]3[0xa8][0x8f][0x5][0x18]O*[0xf3][0x7]B[0xdd][0xdb][0x84][0x84][0xb3]Pl[0x10][0x16][0x18][0x5][0x89][0x94]q[0xc4]55&[0xa1]2[0x8a]4[0xa7][0x9c]'[0xb7]:[0x87]8[0x16]/[0x9e]n[0xf2][0xc][0x12][0x98]3[0x89][0xe4][0xf1]#d%y[0xf4][0xe0][0xb0][0xcc]>y[0xea]p9@[0xfd][0xc5]mJ[0xb9][0xeb][0xe2][0x9f][0xe0][0x87][0xc3]6[0xce][0xb3]?$([0x9c][0xa6][0xdc]ph[0xe2][0xd1][0x87][0xbb][0x9e]r-[0x86][0xf4]|[0xc5][0x1c][0xcc][0xbd][0x9e]i[0x19]W[0xa5]u[0x12]F[0x98][0x1c][0x92])0[0x89]`*Z[0x1d]W[0x5]s[0xf0][0xe][0x6]c|[0xf7]/[0x92]^[0xbc][0x11][0xae][0x8][0x0][0x0]"
2020-09-29 21:58:44,434 DEBUG [main] PoolingHttpClientConnectionManager:341 - Connection [id: 0][route: {s}->https://raw.githubusercontent.com:443] can be kept alive indefinitely
2020-09-29 21:58:44,434 DEBUG [main] DefaultManagedHttpClientConnection:88 - http-outgoing-0: set socket timeout to 0
2020-09-29 21:58:44,435 DEBUG [main] PoolingHttpClientConnectionManager:348 - Connection released: [id: 0][route: {s}->https://raw.githubusercontent.com:443][total kept alive: 1; route allocated: 1 of 2; total allocated: 1 of 20]
2020-09-29 21:59:12,785  INFO [main] Hook:34 - Cleanup!
2020-09-29 21:59:12,786  INFO [main] Hook:35 - Test completed...
2020-09-29 21:59:12,787  INFO [main] Hook:37 - ************************************
2020-09-29 21:59:14,633  INFO [main] Hook:19 - **********************************
2020-09-29 21:59:14,634  INFO [main] Hook:20 - Test setup method is starting....!
2020-09-29 21:59:36,733  INFO [main] Hook:34 - Cleanup!
2020-09-29 21:59:36,734  INFO [main] Hook:35 - Test completed...
2020-09-29 21:59:36,734  INFO [main] Hook:37 - ************************************
2020-09-29 21:59:38,334  INFO [main] Hook:19 - **********************************
2020-09-29 21:59:38,335  INFO [main] Hook:20 - Test setup method is starting....!
2020-09-29 22:00:01,970  INFO [main] Hook:34 - Cleanup!
2020-09-29 22:00:01,970  INFO [main] Hook:35 - Test completed...
2020-09-29 22:00:01,970  INFO [main] Hook:37 - ************************************
2020-09-29 22:00:04,006 DEBUG [Finalizer] PoolingHttpClientConnectionManager:408 - Connection manager is shutting down
2020-09-29 22:00:04,008 DEBUG [Finalizer] PoolingHttpClientConnectionManager:414 - Connection manager shut down
